<?xml version="1.0" encoding="UTF-8"?>
<testng-results ignored="0" total="1" passed="1" failed="0" skipped="0">
  <reporter-output>
  </reporter-output>
  <suite started-at="2021-09-14T16:03:06 EDT" name="Default suite" finished-at="2021-09-14T16:03:12 EDT" duration-ms="6381">
    <groups>
    </groups>
    <test started-at="2021-09-14T16:03:06 EDT" name="Default test" finished-at="2021-09-14T16:03:12 EDT" duration-ms="6381">
      <class name="ChromeTest1.DownloadTest">
        <test-method signature="downloadExampleTest()[pri:0, instance:ChromeTest1.DownloadTest@1fa268de]" started-at="2021-09-14T16:03:06 EDT" name="downloadExampleTest" finished-at="2021-09-14T16:03:12 EDT" duration-ms="6282" status="PASS">
          <reporter-output>
          </reporter-output>
        </test-method> <!-- downloadExampleTest -->
      </class> <!-- ChromeTest1.DownloadTest -->
    </test> <!-- Default test -->
  </suite> <!-- Default suite -->
</testng-results>
